
train:  50%|███████████████████████████████████████████████████████                                                       | 1/2 [00:01<00:01,  1.59s/it]
Train Epoch: 1 [0/2 (0%)] G_Loss: 282.260529 D_Loss: 7.964821
    epoch          : 1
    mel_loss       : 1.591162919998169
    fm_loss        : 0.0716119110584259
    gan_loss       : 6.233914375305176
    loss           : 282.2605285644531
    discriminator loss: 7.9648213386535645
    grad norm dis  : 7.893052101135254
train: 100%|██████████████████████████████████████████████████████████████████████████████████████████████████████████████| 2/2 [00:02<00:00,  1.39s/it]
train:   0%|                                                                                                                      | 0/2 [00:00<?, ?it/s]
train: 100%|██████████████████████████████████████████████████████████████████████████████████████████████████████████████| 2/2 [00:02<00:00,  1.20s/it]
train:   0%|                                                                                                                      | 0/2 [00:00<?, ?it/s]
    epoch          : 2
    mel_loss       : 1.8923367261886597
    fm_loss        : 0.07257693260908127
    gan_loss       : 1.8776957988739014
    loss           : 86.53379821777344
    discriminator loss: 4.845842361450195
    grad norm dis  : 4.854978084564209
    grad norm gen  : 7.969396114349365
train: 100%|██████████████████████████████████████████████████████████████████████████████████████████████████████████████| 2/2 [00:02<00:00,  1.18s/it]
train:   0%|                                                                                                                      | 0/2 [00:00<?, ?it/s]
    epoch          : 3
    mel_loss       : 1.617089867591858
    fm_loss        : 0.0914292186498642
    gan_loss       : 1.8830819129943848
    loss           : 86.53863525390625
    discriminator loss: 4.5349273681640625
    grad norm dis  : 8.098448753356934
    grad norm gen  : 10.0

train:  50%|███████████████████████████████████████████████████████                                                       | 1/2 [00:01<00:01,  1.19s/it]
    epoch          : 4
    mel_loss       : 1.4402486085891724
    fm_loss        : 0.10654754191637039
    gan_loss       : 3.0816166400909424
    loss           : 140.3260955810547
    discriminator loss: 4.106110572814941
    grad norm dis  : 2.833613395690918
    grad norm gen  : 9.999999046325684
train: 100%|██████████████████████████████████████████████████████████████████████████████████████████████████████████████| 2/2 [00:02<00:00,  1.18s/it]
train:  50%|███████████████████████████████████████████████████████                                                       | 1/2 [00:01<00:01,  1.18s/it]
    epoch          : 5
    mel_loss       : 1.5164152383804321
    fm_loss        : 0.1028193011879921
    gan_loss       : 2.480685234069824
    loss           : 113.35289001464844
    discriminator loss: 4.06988000869751
    grad norm dis  : 3.0060997009277344
train: 100%|██████████████████████████████████████████████████████████████████████████████████████████████████████████████| 2/2 [00:02<00:00,  1.18s/it]
train:  50%|███████████████████████████████████████████████████████                                                       | 1/2 [00:01<00:01,  1.18s/it]
Train Epoch: 6 [0/2 (0%)] G_Loss: 84.396576 D_Loss: 4.030363
    epoch          : 6
    mel_loss       : 1.6769235134124756
    fm_loss        : 0.11161314696073532
    gan_loss       : 1.8332539796829224
    loss           : 84.39657592773438
    discriminator loss: 4.030362606048584
    grad norm dis  : 3.11063289642334
train: 100%|██████████████████████████████████████████████████████████████████████████████████████████████████████████████| 2/2 [00:02<00:00,  1.18s/it]
train:   0%|                                                                                                                      | 0/2 [00:00<?, ?it/s]
Train Epoch: 7 [0/2 (0%)] G_Loss: 104.724625 D_Loss: 4.445261
    epoch          : 7
    mel_loss       : 2.1025776863098145
    fm_loss        : 0.12302296608686447
    gan_loss       : 2.275022268295288
    loss           : 104.72462463378906
    discriminator loss: 4.445261001586914
    grad norm dis  : 3.281449556350708
train: 100%|██████████████████████████████████████████████████████████████████████████████████████████████████████████████| 2/2 [00:02<00:00,  1.21s/it]
train:   0%|                                                                                                                      | 0/2 [00:00<?, ?it/s]
train: 100%|██████████████████████████████████████████████████████████████████████████████████████████████████████████████| 2/2 [00:02<00:00,  1.18s/it]
train:   0%|                                                                                                                      | 0/2 [00:00<?, ?it/s]
    epoch          : 8
    mel_loss       : 2.651139736175537
    fm_loss        : 0.33927682042121887
    gan_loss       : 2.8783042430877686
    loss           : 132.8533935546875
    discriminator loss: 5.127962112426758
    grad norm dis  : 3.2824978828430176
    grad norm gen  : 10.0

train: 100%|██████████████████████████████████████████████████████████████████████████████████████████████████████████████| 2/2 [00:02<00:00,  1.18s/it]
    epoch          : 9
    mel_loss       : 2.0645012855529785
    fm_loss        : 0.715724527835846
    gan_loss       : 3.939972400665283
    loss           : 180.79470825195312
    discriminator loss: 5.029727458953857
    grad norm dis  : 4.107918739318848
    grad norm gen  : 10.0
train: 100%|██████████████████████████████████████████████████████████████████████████████████████████████████████████████| 2/2 [00:02<00:00,  1.20s/it]
train:  50%|███████████████████████████████████████████████████████                                                       | 1/2 [00:01<00:01,  1.18s/it]
    epoch          : 10
    mel_loss       : 2.693087339401245
    fm_loss        : 1.9368879795074463
    gan_loss       : 6.240903854370117
    loss           : 287.40753173828125
    discriminator loss: 3.696632146835327
    grad norm dis  : 6.761510372161865
train: 100%|██████████████████████████████████████████████████████████████████████████████████████████████████████████████| 2/2 [00:02<00:00,  1.18s/it]
train:  50%|███████████████████████████████████████████████████████                                                       | 1/2 [00:01<00:01,  1.18s/it]
Train Epoch: 11 [0/2 (0%)] G_Loss: 312.467407 D_Loss: 1.688043
    epoch          : 11
    mel_loss       : 2.719618797302246
    fm_loss        : 3.2575669288635254
    gan_loss       : 6.738503932952881
    loss           : 312.4674072265625
    discriminator loss: 1.6880429983139038
    grad norm dis  : 6.583059310913086
train: 100%|██████████████████████████████████████████████████████████████████████████████████████████████████████████████| 2/2 [00:02<00:00,  1.19s/it]
train:  50%|███████████████████████████████████████████████████████                                                       | 1/2 [00:01<00:01,  1.19s/it]
Train Epoch: 12 [0/2 (0%)] G_Loss: 489.106689 D_Loss: 1.204240
    epoch          : 12
    mel_loss       : 2.199730634689331
    fm_loss        : 2.8628249168395996
    gan_loss       : 10.692917823791504
    loss           : 489.106689453125
    discriminator loss: 1.204240083694458
    grad norm dis  : 9.959060668945312
train: 100%|██████████████████████████████████████████████████████████████████████████████████████████████████████████████| 2/2 [00:02<00:00,  1.19s/it]
train:   0%|                                                                                                                      | 0/2 [00:00<?, ?it/s]
train: 100%|██████████████████████████████████████████████████████████████████████████████████████████████████████████████| 2/2 [00:02<00:00,  1.19s/it]
train:   0%|                                                                                                                      | 0/2 [00:00<?, ?it/s]
    epoch          : 13
    mel_loss       : 2.6868784427642822
    fm_loss        : 2.245959758758545
    gan_loss       : 7.9685468673706055
    loss           : 365.7633972167969
    discriminator loss: 0.7454424500465393
    grad norm dis  : 6.358893394470215
    grad norm gen  : 10.0
train: 100%|██████████████████████████████████████████████████████████████████████████████████████████████████████████████| 2/2 [00:02<00:00,  1.18s/it]
train:   0%|                                                                                                                      | 0/2 [00:00<?, ?it/s]
    epoch          : 14
    mel_loss       : 2.372499465942383
    fm_loss        : 1.6433496475219727
    gan_loss       : 7.690126419067383
    loss           : 351.71490478515625
    discriminator loss: 1.2405433654785156
    grad norm dis  : 10.0
    grad norm gen  : 10.0

train:  50%|███████████████████████████████████████████████████████                                                       | 1/2 [00:01<00:01,  1.18s/it]
    epoch          : 15
    mel_loss       : 2.119770050048828
    fm_loss        : 0.937533438205719
    gan_loss       : 4.749391555786133
    loss           : 217.71746826171875
    discriminator loss: 2.288877248764038
    grad norm dis  : 9.999998092651367
train: 100%|██████████████████████████████████████████████████████████████████████████████████████████████████████████████| 2/2 [00:02<00:00,  1.19s/it]
train:  50%|███████████████████████████████████████████████████████                                                       | 1/2 [00:01<00:01,  1.22s/it]
Train Epoch: 16 [0/2 (0%)] G_Loss: 136.579865 D_Loss: 4.514052
    epoch          : 16
    mel_loss       : 1.6547774076461792
    fm_loss        : 0.22865471243858337
    gan_loss       : 2.988172769546509
    loss           : 136.57986450195312
    discriminator loss: 4.514051914215088
    grad norm dis  : 9.999998092651367
train: 100%|██████████████████████████████████████████████████████████████████████████████████████████████████████████████| 2/2 [00:02<00:00,  1.20s/it]
train:  50%|███████████████████████████████████████████████████████                                                       | 1/2 [00:01<00:01,  1.19s/it]
Train Epoch: 17 [0/2 (0%)] G_Loss: 95.148338 D_Loss: 5.607664
    epoch          : 17
    mel_loss       : 1.5556752681732178
    fm_loss        : 0.3223664164543152
    gan_loss       : 2.065509557723999
    loss           : 95.1483383178711
    discriminator loss: 5.607663631439209
    grad norm dis  : 10.0
train: 100%|██████████████████████████████████████████████████████████████████████████████████████████████████████████████| 2/2 [00:02<00:00,  1.19s/it]
train:   0%|                                                                                                                      | 0/2 [00:00<?, ?it/s]
train: 100%|██████████████████████████████████████████████████████████████████████████████████████████████████████████████| 2/2 [00:02<00:00,  1.19s/it]
train:   0%|                                                                                                                      | 0/2 [00:00<?, ?it/s]
    epoch          : 18
    mel_loss       : 1.7458006143569946
    fm_loss        : 0.21669727563858032
    gan_loss       : 1.729255199432373
    loss           : 79.99567413330078
    discriminator loss: 4.991308689117432
    grad norm dis  : 9.267817497253418
    grad norm gen  : 10.0
train: 100%|██████████████████████████████████████████████████████████████████████████████████████████████████████████████| 2/2 [00:02<00:00,  1.19s/it]
train:   0%|                                                                                                                      | 0/2 [00:00<?, ?it/s]
    epoch          : 19
    mel_loss       : 1.932349681854248
    fm_loss        : 0.13681180775165558
    gan_loss       : 2.055934429168701
    loss           : 94.7230224609375
    discriminator loss: 4.523255825042725
    grad norm dis  : 5.930953502655029
    grad norm gen  : 10.0

train:  50%|███████████████████████████████████████████████████████                                                       | 1/2 [00:01<00:01,  1.19s/it]
    epoch          : 20
    mel_loss       : 1.9045449495315552
    fm_loss        : 0.13489092886447906
    gan_loss       : 2.2102549076080322
    loss           : 101.63579559326172
    discriminator loss: 4.185516357421875
    grad norm dis  : 4.37579870223999
train: 100%|██████████████████████████████████████████████████████████████████████████████████████████████████████████████| 2/2 [00:02<00:00,  1.19s/it]
train:  50%|███████████████████████████████████████████████████████                                                       | 1/2 [00:01<00:01,  1.19s/it]
Train Epoch: 21 [0/2 (0%)] G_Loss: 108.160240 D_Loss: 3.762346
    epoch          : 21
    mel_loss       : 1.6909605264663696
    fm_loss        : 0.186242938041687
    gan_loss       : 2.3577065467834473
    loss           : 108.16024017333984
    discriminator loss: 3.7623462677001953
    grad norm dis  : 4.11899471282959
train: 100%|██████████████████████████████████████████████████████████████████████████████████████████████████████████████| 2/2 [00:02<00:00,  1.19s/it]
train:  50%|███████████████████████████████████████████████████████                                                       | 1/2 [00:01<00:01,  1.18s/it]
Train Epoch: 22 [0/2 (0%)] G_Loss: 121.863060 D_Loss: 3.319032
    epoch          : 22
    mel_loss       : 1.5910483598709106
    fm_loss        : 0.2942110002040863
    gan_loss       : 2.659635305404663
    loss           : 121.8630599975586
    discriminator loss: 3.3190321922302246
    grad norm dis  : 6.048968315124512
train: 100%|██████████████████████████████████████████████████████████████████████████████████████████████████████████████| 2/2 [00:02<00:00,  1.19s/it]
train:   0%|                                                                                                                      | 0/2 [00:00<?, ?it/s]
Train Epoch: 23 [0/2 (0%)] G_Loss: 155.103882 D_Loss: 3.018111
    epoch          : 23
    mel_loss       : 1.55055570602417
    fm_loss        : 0.48945561051368713
    gan_loss       : 3.39054274559021
    loss           : 155.1038818359375
    discriminator loss: 3.018110990524292
    grad norm dis  : 9.795971870422363
train: 100%|██████████████████████████████████████████████████████████████████████████████████████████████████████████████| 2/2 [00:02<00:00,  1.19s/it]
train:   0%|                                                                                                                      | 0/2 [00:00<?, ?it/s]
train: 100%|██████████████████████████████████████████████████████████████████████████████████████████████████████████████| 2/2 [00:02<00:00,  1.18s/it]
train:   0%|                                                                                                                      | 0/2 [00:00<?, ?it/s]
    epoch          : 24
    mel_loss       : 1.9600162506103516
    fm_loss        : 0.5785422325134277
    gan_loss       : 4.093512058258057
    loss           : 187.32513427734375
    discriminator loss: 2.876969575881958
    grad norm dis  : 6.627182960510254
    grad norm gen  : 9.999998092651367

train:  50%|███████████████████████████████████████████████████████                                                       | 1/2 [00:01<00:01,  1.24s/it]
    epoch          : 25
    mel_loss       : 2.549287796020508
    fm_loss        : 0.24009078741073608
    gan_loss       : 2.0791101455688477
    loss           : 96.58943176269531
    discriminator loss: 5.120433330535889
    grad norm dis  : 10.0
    grad norm gen  : 9.999998092651367
train: 100%|██████████████████████████████████████████████████████████████████████████████████████████████████████████████| 2/2 [00:02<00:00,  1.22s/it]
train:  50%|███████████████████████████████████████████████████████                                                       | 1/2 [00:01<00:01,  1.18s/it]
    epoch          : 26
    mel_loss       : 2.2292561531066895
    fm_loss        : 0.5078192949295044
    gan_loss       : 3.1060593128204346
    loss           : 143.01756286621094
    discriminator loss: 7.274037837982178
    grad norm dis  : 10.0
train: 100%|██████████████████████████████████████████████████████████████████████████████████████████████████████████████| 2/2 [00:02<00:00,  1.18s/it]
train:  50%|███████████████████████████████████████████████████████                                                       | 1/2 [00:01<00:01,  1.19s/it]
Train Epoch: 27 [0/2 (0%)] G_Loss: 187.464432 D_Loss: 6.747284
    epoch          : 27
    mel_loss       : 2.9376637935638428
    fm_loss        : 0.4498709440231323
    gan_loss       : 4.080600738525391
    loss           : 187.4644317626953
    discriminator loss: 6.747284412384033
    grad norm dis  : 10.0
train: 100%|██████████████████████████████████████████████████████████████████████████████████████████████████████████████| 2/2 [00:02<00:00,  1.19s/it]
train:  50%|███████████████████████████████████████████████████████                                                       | 1/2 [00:01<00:01,  1.18s/it]
Train Epoch: 28 [0/2 (0%)] G_Loss: 143.950058 D_Loss: 4.781386
    epoch          : 28
    mel_loss       : 2.804293155670166
    fm_loss        : 0.4313255250453949
    gan_loss       : 3.1174023151397705
    loss           : 143.95005798339844
    discriminator loss: 4.781385898590088
    grad norm dis  : 9.999999046325684
train: 100%|██████████████████████████████████████████████████████████████████████████████████████████████████████████████| 2/2 [00:02<00:00,  1.18s/it]
train:   0%|                                                                                                                      | 0/2 [00:00<?, ?it/s]
train: 100%|██████████████████████████████████████████████████████████████████████████████████████████████████████████████| 2/2 [00:02<00:00,  1.19s/it]
train:   0%|                                                                                                                      | 0/2 [00:00<?, ?it/s]
    epoch          : 29
    mel_loss       : 2.3824801445007324
    fm_loss        : 0.169105663895607
    gan_loss       : 2.883561134338379
    loss           : 132.48094177246094
    discriminator loss: 4.404311656951904
    grad norm dis  : 10.0
    grad norm gen  : 10.0
train: 100%|██████████████████████████████████████████████████████████████████████████████████████████████████████████████| 2/2 [00:02<00:00,  1.19s/it]
train:   0%|                                                                                                                      | 0/2 [00:00<?, ?it/s]
    epoch          : 30
    mel_loss       : 1.7868666648864746
    fm_loss        : 0.07872270792722702
    gan_loss       : 2.94283390045166
    loss           : 134.371826171875
    discriminator loss: 4.035998821258545
    grad norm dis  : 9.999999046325684
    grad norm gen  : 10.0

train:  50%|███████████████████████████████████████████████████████                                                       | 1/2 [00:01<00:01,  1.18s/it]
    epoch          : 31
    mel_loss       : 1.5051274299621582
    fm_loss        : 0.08877690136432648
    gan_loss       : 2.412715196609497
    loss           : 110.2548599243164
    discriminator loss: 4.434335708618164
    grad norm dis  : 6.860169887542725
train: 100%|██████████████████████████████████████████████████████████████████████████████████████████████████████████████| 2/2 [00:02<00:00,  1.18s/it]
train:  50%|███████████████████████████████████████████████████████                                                       | 1/2 [00:01<00:01,  1.19s/it]
Train Epoch: 32 [0/2 (0%)] G_Loss: 114.491013 D_Loss: 4.320840
    epoch          : 32
    mel_loss       : 1.6385918855667114
    fm_loss        : 0.07591947913169861
    gan_loss       : 2.504457473754883
    loss           : 114.49101257324219
    discriminator loss: 4.320840358734131
    grad norm dis  : 7.962916374206543
train: 100%|██████████████████████████████████████████████████████████████████████████████████████████████████████████████| 2/2 [00:02<00:00,  1.18s/it]
train:  50%|███████████████████████████████████████████████████████                                                       | 1/2 [00:01<00:01,  1.19s/it]
Train Epoch: 33 [0/2 (0%)] G_Loss: 98.652702 D_Loss: 3.950083
    epoch          : 33
    mel_loss       : 1.5060622692108154
    fm_loss        : 0.10404374450445175
    gan_loss       : 2.1541900634765625
    loss           : 98.65270233154297
    discriminator loss: 3.950083017349243
    grad norm dis  : 4.393766403198242
train: 100%|██████████████████████████████████████████████████████████████████████████████████████████████████████████████| 2/2 [00:02<00:00,  1.19s/it]
train:   0%|                                                                                                                      | 0/2 [00:00<?, ?it/s]
train: 100%|██████████████████████████████████████████████████████████████████████████████████████████████████████████████| 2/2 [00:02<00:00,  1.24s/it]
train:   0%|                                                                                                                      | 0/2 [00:00<?, ?it/s]
    epoch          : 34
    mel_loss       : 1.5048539638519287
    fm_loss        : 0.12521615624427795
    gan_loss       : 2.0129199028015137
    loss           : 92.33668518066406
    discriminator loss: 3.85615873336792
    grad norm dis  : 6.524429798126221
    grad norm gen  : 10.0
train: 100%|██████████████████████████████████████████████████████████████████████████████████████████████████████████████| 2/2 [00:02<00:00,  1.19s/it]
train:   0%|                                                                                                                      | 0/2 [00:00<?, ?it/s]
    epoch          : 35
    mel_loss       : 1.485412836074829
    fm_loss        : 0.19782111048698425
    gan_loss       : 2.3838765621185303
    loss           : 109.15550231933594
    discriminator loss: 3.6213510036468506
    grad norm dis  : 4.385045051574707
    grad norm gen  : 10.0

train:  50%|███████████████████████████████████████████████████████                                                       | 1/2 [00:01<00:01,  1.21s/it]
    epoch          : 36
    mel_loss       : 1.5469393730163574
    fm_loss        : 0.24118614196777344
    gan_loss       : 2.3711631298065186
    loss           : 108.73165130615234
    discriminator loss: 3.552250862121582
    grad norm dis  : 3.212963104248047
    grad norm gen  : 10.0
train: 100%|██████████████████████████████████████████████████████████████████████████████████████████████████████████████| 2/2 [00:02<00:00,  1.22s/it]
train:   0%|                                                                                                                      | 0/2 [00:00<?, ?it/s]
Traceback (most recent call last):
  File "/home/mac-mvak/code_disk/HiFi-GAN/hw_hifi/base/base_trainer.py", line 72, in train
    self._train_process()
  File "/home/mac-mvak/code_disk/HiFi-GAN/hw_hifi/base/base_trainer.py", line 84, in _train_process
    result = self._train_epoch(epoch)
  File "/home/mac-mvak/code_disk/HiFi-GAN/hw_hifi/trainer/trainer.py", line 107, in _train_epoch
    batch = self.process_batch(
  File "/home/mac-mvak/code_disk/HiFi-GAN/hw_hifi/trainer/trainer.py", line 178, in process_batch
    discr_out = self.dis(**batch)
  File "/home/mac-mvak/code_disk/HiFi-GAN/.venv/lib/python3.9/site-packages/torch/nn/modules/module.py", line 1194, in _call_impl
    return forward_call(*input, **kwargs)
  File "/home/mac-mvak/code_disk/HiFi-GAN/hw_hifi/model/hi_fi_gan/hi_fi_gan.py", line 64, in forward
    y_ds_true1, y_ds_pred1, layer_true1, layer_pred1 = self.mpd(audios, predicted_audios)
  File "/home/mac-mvak/code_disk/HiFi-GAN/.venv/lib/python3.9/site-packages/torch/nn/modules/module.py", line 1194, in _call_impl
    return forward_call(*input, **kwargs)
  File "/home/mac-mvak/code_disk/HiFi-GAN/hw_hifi/model/hi_fi_gan/blocks.py", line 152, in forward
    y_d_true, layer_true = disc(y_true)
  File "/home/mac-mvak/code_disk/HiFi-GAN/.venv/lib/python3.9/site-packages/torch/nn/modules/module.py", line 1194, in _call_impl
    return forward_call(*input, **kwargs)
  File "/home/mac-mvak/code_disk/HiFi-GAN/hw_hifi/model/hi_fi_gan/blocks.py", line 103, in forward
    out = self.lrelu(out)
  File "/home/mac-mvak/code_disk/HiFi-GAN/.venv/lib/python3.9/site-packages/torch/nn/modules/module.py", line 1194, in _call_impl
    return forward_call(*input, **kwargs)
  File "/home/mac-mvak/code_disk/HiFi-GAN/.venv/lib/python3.9/site-packages/torch/nn/modules/activation.py", line 775, in forward
    return F.leaky_relu(input, self.negative_slope, self.inplace)
  File "/home/mac-mvak/code_disk/HiFi-GAN/.venv/lib/python3.9/site-packages/torch/nn/functional.py", line 1632, in leaky_relu
    result = torch._C._nn.leaky_relu(input, negative_slope)
KeyboardInterrupt
During handling of the above exception, another exception occurred:
Traceback (most recent call last):
  File "/home/mac-mvak/code_disk/HiFi-GAN/train.py", line 113, in <module>
    main(config)
  File "/home/mac-mvak/code_disk/HiFi-GAN/train.py", line 77, in main
    trainer.train()
  File "/home/mac-mvak/code_disk/HiFi-GAN/hw_hifi/base/base_trainer.py", line 75, in train
    self._save_checkpoint(self._last_epoch, save_best=False)
  File "/home/mac-mvak/code_disk/HiFi-GAN/hw_hifi/base/base_trainer.py", line 121, in _save_checkpoint
    torch.save(state, filename)
  File "/home/mac-mvak/code_disk/HiFi-GAN/.venv/lib/python3.9/site-packages/torch/serialization.py", line 423, in save
    _save(obj, opened_zipfile, pickle_module, pickle_protocol)
  File "/home/mac-mvak/code_disk/HiFi-GAN/.venv/lib/python3.9/site-packages/torch/serialization.py", line 650, in _save
    zip_file.write_record(name, storage.data_ptr(), num_bytes)
KeyboardInterrupt